=== QR Malware Scanner Log ===
Started: Tue Jan  6 02:42:30 AM UTC 2026
Version: 5.0.0-AUDIT
Script Hash: 305349b082fda07e85684eee15dd0853765d2aae27d6eb2c566e254e18ac962e
Run ID: 20260106_024230-3463

[2026-01-06 02:42:30] [FORENSIC] Chain of custody initialized
[2026-01-06 02:42:30] [INFO] Loading additional IOC patterns...
[2026-01-06 02:42:30] [INFO]   Fetching IOCs from: openphish.com
[2026-01-06 02:42:30] [INFO]   Fetching IOCs from: urlhaus.abuse.ch
[2026-01-06 02:42:30] [INFO]   Fetching IOCs from: phishunt.io
[2026-01-06 02:42:30] [INFO]   Fetching IOCs from: feodotracker.abuse.ch
[2026-01-06 02:42:30] [INFO]   Fetching IOCs from: malc0de.com
[2026-01-06 02:42:30] [INFO]   Fetching IOCs from: ransomwaretracker.abuse.ch
[2026-01-06 02:42:31] [INFO]   Fetching IOCs from: threatfox.abuse.ch
[2026-01-06 02:42:31] [INFO]   Fetching IOCs from: raw.githubusercontent.com
[2026-01-06 02:42:31] [INFO]   Fetching IOCs from: blocklist.projecthoneypot.org
[2026-01-06 02:42:31] [SUCCESS] Loaded 0 additional IOC patterns from 0 sources
[2026-01-06 02:42:31] [SUCCESS] Initialization complete
[2026-01-06 02:42:31] [INFO] Performing script integrity check...
[2026-01-06 02:42:31] [WARNING] Script file is writable - potential security risk
[2026-01-06 02:42:31] [SUCCESS] Script integrity check passed
[2026-01-06 02:42:31] [INFO] Verifying dependency integrity...
[2026-01-06 02:42:31] [SUCCESS] Dependency verification: 7/7 verified
[2026-01-06 02:42:31] [INFO] Checking for sandbox environment...
[2026-01-06 02:42:31] [INFO] Running in CI/CD environment
[2026-01-06 02:42:31] [INFO] Sandbox indicators detected: 1
[2026-01-06 02:42:31] [INFO] Validating API key formats...
[2026-01-06 02:42:31] [INFO] No API keys configured
[2026-01-06 02:42:31] [INFO] Checking API key rotation status...
[2026-01-06 02:42:31] [INFO] No key rotation tracking file found
[2026-01-06 02:42:31] [INFO] Checking API rate limits...
[2026-01-06 02:42:31] [INFO] API call rate: 0 in last hour
[2026-01-06 02:42:31] [INFO] Checking available disk space...
[2026-01-06 02:42:31] [SUCCESS] Disk space check passed: 17153MB available
[2026-01-06 02:42:31] [INFO] Validating network connectivity...
[2026-01-06 02:42:35] [WARNING] Network connectivity check failed - some features may not work
[2026-01-06 02:42:35] [INFO] Checking DNS resolver security...
[2026-01-06 02:42:35] [INFO] Using system DNS resolver (may not be secure DNS provider)
[2026-01-06 02:42:36] [INFO] Checking dependencies...
[2026-01-06 02:42:36] [INFO] Auto-detecting dependencies on macOS...
[2026-01-06 02:42:37] [INFO]   Found Python: /usr/bin/python3
[2026-01-06 02:42:37] [INFO]   Found pip: /usr/bin/pip3
